<?xml version="1.0" encoding="UTF-8"?>
<!-- Generated by org.testng.reporters.JUnitReportReporter -->
<testsuite hostname="DESKTOP-1OBHB9P" name="com.mobile.tests.AppTest" tests="1" failures="0" timestamp="29 Nov 2016 10:34:12 GMT" time="12.616" errors="0">
  <testcase name="sendValue" time="12.616" classname="com.mobile.tests.AppTest"/>
</testsuite> <!-- com.mobile.tests.AppTest -->
