<?xml version="1.0" encoding="UTF-8"?>
<!-- Generated by org.testng.reporters.JUnitReportReporter -->
<testsuite hostname="DESKTOP-1OBHB9P" name="mobile.com.app.AppTest" tests="1" failures="0" timestamp="29 Nov 2016 10:24:15 GMT" time="12.907" errors="0">
  <testcase name="sendValue" time="12.907" classname="mobile.com.app.AppTest"/>
</testsuite> <!-- mobile.com.app.AppTest -->
